#
# A fatal error has been detected by the Java Runtime Environment:
#
#  EXCEPTION_ACCESS_VIOLATION (0xc0000005) at pc=0x617493cd, pid=2244, tid=5156
#
# JRE version: Java(TM) SE Runtime Environment (8.0_91-b14) (build 1.8.0_91-b14)
# Java VM: Java HotSpot(TM) Client VM (25.91-b14 mixed mode windows-x86 )
# Problematic frame:
# C  [listSerialsj.dll+0x93cd]
#
# Failed to write core dump. Minidumps are not enabled by default on client versions of Windows
#
# If you would like to submit a bug report, please visit:
#   http://bugreport.java.com/bugreport/crash.jsp
# The crash happened outside the Java Virtual Machine in native code.
# See problematic frame for where to report the bug.
#

---------------  T H R E A D  ---------------

Current thread (0x26173c00):  JavaThread "cc.arduino.packages.discoverers.serial.SerialBoardsLister" [_thread_in_native, id=5156, stack(0x26b70000,0x26bc0000)]

siginfo: ExceptionCode=0xc0000005, writing address 0x00000000

Registers:
EAX=0x00000000, EBX=0x00000f78, ECX=0x00000000, EDX=0x00000001
ESP=0x26bbea20, EBP=0x26bbee78, ESI=0x00000002, EDI=0x26d27b10
EIP=0x617493cd, EFLAGS=0x00010246

Top of Stack: (sp=0x26bbea20)
0x26bbea20:   25a72198 0000002e 00000002 00000000
0x26bbea30:   00000003 00000000 00000000 00000000
0x26bbea40:   0f99e4e0 00000001 0000006c 76e1a540
0x26bbea50:   25a7d9a8 00bbea84 26d27eb0 0000005d
0x26bbea60:   24e8c590 00000000 00000073 00000002
0x26bbea70:   00000001 0000006c 0000006c 0000008e
0x26bbea80:   008e0000 00000000 344d4f43 00e8c500
0x26bbea90:   00425355 24e8cbd8 00000000 24e8c5f0 

Instructions: (pc=0x617493cd)
0x617493ad:   8b 45 08 8b 90 94 00 00 00 85 d2 74 16 8b 40 2c
0x617493bd:   c7 44 24 04 2e 00 00 00 89 04 24 e8 73 14 00 00
0x617493cd:   c6 00 00 8d 85 04 fc ff ff 89 44 24 18 8d 85 0a
0x617493dd:   fc ff ff 89 44 24 10 a1 e4 01 75 61 c7 85 04 fc 


Register to memory mapping:

EAX=0x00000000 is an unknown value
EBX=0x00000f78 is an unknown value
ECX=0x00000000 is an unknown value
EDX=0x00000001 is an unknown value
ESP=0x26bbea20 is pointing into the stack for thread: 0x26173c00
EBP=0x26bbee78 is pointing into the stack for thread: 0x26173c00
ESI=0x00000002 is an unknown value
EDI=0x26d27b10 is an unknown value


Stack: [0x26b70000,0x26bc0000],  sp=0x26bbea20,  free space=314k
Native frames: (J=compiled Java code, j=interpreted, Vv=VM code, C=native code)
C  [listSerialsj.dll+0x93cd]
C  [listSerialsj.dll+0x2211]

Java frames: (J=compiled Java code, j=interpreted, Vv=VM code)
j  processing.app.Platform.listSerialsNative()[Ljava/lang/String;+0
j  processing.app.Platform.listSerials()Ljava/util/List;+5
j  cc.arduino.packages.discoverers.serial.SerialBoardsLister.retriggerDiscovery(Z)V+22
j  cc.arduino.packages.discoverers.serial.SerialBoardsLister.run()V+9
j  java.util.TimerThread.mainLoop()V+221
j  java.util.TimerThread.run()V+1
v  ~StubRoutines::call_stub

---------------  P R O C E S S  ---------------

Java Threads: ( => current thread )
  0x27c03c00 JavaThread "JmDNS(Nathan-PC.local.).Timer" daemon [_thread_blocked, id=6376, stack(0x297c0000,0x29810000)]
  0x27c03400 JavaThread "JmDNS(Nathan-PC.local.).State.Timer" [_thread_blocked, id=9688, stack(0x29730000,0x29780000)]
  0x27c07400 JavaThread "JmDNS(Nathan-PC.local.).Timer" daemon [_thread_blocked, id=12864, stack(0x296a0000,0x296f0000)]
  0x27c03000 JavaThread "SocketListener(Nathan-PC.local.)" daemon [_thread_in_native, id=6184, stack(0x29610000,0x29660000)]
  0x27c06c00 JavaThread "JmDNS(fe80:0:0:0:6c72:fde8:a7cf:c6a5%wlan2.local.).Timer" daemon [_thread_blocked, id=9812, stack(0x29580000,0x295d0000)]
  0x276c1400 JavaThread "JmDNS(fe80:0:0:0:6c72:fde8:a7cf:c6a5%wlan2.local.).State.Timer" [_thread_blocked, id=3684, stack(0x294f0000,0x29540000)]
  0x276c2800 JavaThread "JmDNS(fe80:0:0:0:6c72:fde8:a7cf:c6a5%wlan2.local.).Timer" daemon [_thread_blocked, id=8992, stack(0x29460000,0x294b0000)]
  0x276c3800 JavaThread "SocketListener(fe80:0:0:0:6c72:fde8:a7cf:c6a5%wlan2.local.)" daemon [_thread_in_native, id=10324, stack(0x293d0000,0x29420000)]
  0x276c0c00 JavaThread "JmDNS(Nathan-PC.local.).Timer" daemon [_thread_blocked, id=8456, stack(0x28fb0000,0x29000000)]
  0x276c2000 JavaThread "JmDNS(Nathan-PC.local.).State.Timer" [_thread_blocked, id=12760, stack(0x28f20000,0x28f70000)]
  0x276bfc00 JavaThread "JmDNS(Nathan-PC.local.).Timer" daemon [_thread_blocked, id=348, stack(0x28e90000,0x28ee0000)]
  0x276c1800 JavaThread "SocketListener(Nathan-PC.local.)" daemon [_thread_in_native, id=8720, stack(0x285a0000,0x285f0000)]
  0x276c0800 JavaThread "JmDNS(Nathan-PC.local.).Timer" daemon [_thread_blocked, id=10436, stack(0x28e00000,0x28e50000)]
  0x276c0000 JavaThread "JmDNS(Nathan-PC.local.).State.Timer" [_thread_blocked, id=2448, stack(0x28d70000,0x28dc0000)]
  0x276c5400 JavaThread "JmDNS(Nathan-PC.local.).Timer" daemon [_thread_blocked, id=10492, stack(0x28ce0000,0x28d30000)]
  0x276be800 JavaThread "SocketListener(Nathan-PC.local.)" daemon [_thread_in_native, id=11408, stack(0x28c50000,0x28ca0000)]
  0x276be000 JavaThread "JmDNS(Nathan-PC.local.).Timer" daemon [_thread_blocked, id=2432, stack(0x28bc0000,0x28c10000)]
  0x276c5800 JavaThread "JmDNS(Nathan-PC.local.).State.Timer" [_thread_blocked, id=5920, stack(0x27180000,0x271d0000)]
  0x276c4c00 JavaThread "JmDNS(Nathan-PC.local.).Timer" daemon [_thread_blocked, id=5876, stack(0x251b0000,0x25200000)]
  0x276c4400 JavaThread "SocketListener(Nathan-PC.local.)" daemon [_thread_in_native, id=4044, stack(0x01010000,0x01060000)]
  0x276c3400 JavaThread "DestroyJavaVM" [_thread_blocked, id=1888, stack(0x00f60000,0x00fb0000)]
  0x276bf400 JavaThread "TimerQueue" daemon [_thread_blocked, id=7180, stack(0x28a30000,0x28a80000)]
  0x276bec00 JavaThread "Batik CleanerThread" daemon [_thread_blocked, id=8640, stack(0x28510000,0x28560000)]
  0x275f3c00 JavaThread "JmDNS(10-22-226-64.local.).Timer" daemon [_thread_blocked, id=384, stack(0x28380000,0x283d0000)]
  0x275f7400 JavaThread "JmDNS(10-22-226-64.local.).State.Timer" [_thread_blocked, id=3236, stack(0x282f0000,0x28340000)]
  0x275f4000 JavaThread "JmDNS(10-22-226-64.local.).Timer" daemon [_thread_blocked, id=9552, stack(0x28220000,0x28270000)]
  0x275f6c00 JavaThread "SocketListener(10-22-226-64.local.)" daemon [_thread_in_native, id=6604, stack(0x28190000,0x281e0000)]
  0x275f6800 JavaThread "AWT-EventQueue-0" [_thread_blocked, id=10140, stack(0x280c0000,0x28110000)]
  0x275f5000 JavaThread "AWT-Shutdown" [_thread_blocked, id=11560, stack(0x28030000,0x28080000)]
  0x275f5c00 JavaThread "JmDNS(2620:101:f000:702:951c:b366:fa76:c90c.local.).Timer" daemon [_thread_blocked, id=6748, stack(0x27ea0000,0x27ef0000)]
  0x275f5400 JavaThread "JmDNS(2620:101:f000:702:951c:b366:fa76:c90c.local.).State.Timer" [_thread_blocked, id=11136, stack(0x27e10000,0x27e60000)]
  0x275f4800 JavaThread "JmDNS(2620:101:f000:702:951c:b366:fa76:c90c.local.).Timer" daemon [_thread_blocked, id=6444, stack(0x27d80000,0x27dd0000)]
  0x275f6000 JavaThread "SocketListener(2620:101:f000:702:951c:b366:fa76:c90c.local.)" daemon [_thread_in_native, id=9944, stack(0x27cf0000,0x27d40000)]
  0x263afc00 JavaThread "JmDNS(2620:101:f000:702:6c72:fde8:a7cf:c6a5.local.).Timer" daemon [_thread_blocked, id=9320, stack(0x26880000,0x268d0000)]
  0x27506c00 JavaThread "JmDNS(2620:101:f000:702:6c72:fde8:a7cf:c6a5.local.).State.Timer" [_thread_blocked, id=4032, stack(0x267f0000,0x26840000)]
  0x27506400 JavaThread "JmDNS(2620:101:f000:702:6c72:fde8:a7cf:c6a5.local.).Timer" daemon [_thread_blocked, id=11640, stack(0x26760000,0x267b0000)]
  0x2612f400 JavaThread "SocketListener(2620:101:f000:702:6c72:fde8:a7cf:c6a5.local.)" daemon [_thread_in_native, id=12244, stack(0x26580000,0x265d0000)]
  0x2619d400 JavaThread "cc.arduino.packages.discoverers.network.BoardReachabilityFilter" [_thread_blocked, id=3396, stack(0x26c90000,0x26ce0000)]
  0x26178000 JavaThread "cc.arduino.packages.discoverers.network.NetworkChecker" [_thread_blocked, id=11496, stack(0x26c00000,0x26c50000)]
=>0x26173c00 JavaThread "cc.arduino.packages.discoverers.serial.SerialBoardsLister" [_thread_in_native, id=5156, stack(0x26b70000,0x26bc0000)]
  0x26132000 JavaThread "AWT-Windows" daemon [_thread_in_native, id=9352, stack(0x26610000,0x26660000)]
  0x2612ec00 JavaThread "Java2D Disposer" daemon [_thread_blocked, id=3308, stack(0x264f0000,0x26540000)]
  0x255f1000 JavaThread "Service Thread" daemon [_thread_blocked, id=10428, stack(0x25ee0000,0x25f30000)]
  0x255c5800 JavaThread "C1 CompilerThread0" daemon [_thread_blocked, id=9996, stack(0x25e50000,0x25ea0000)]
  0x255c4000 JavaThread "Attach Listener" daemon [_thread_blocked, id=5128, stack(0x25dc0000,0x25e10000)]
  0x255cec00 JavaThread "Signal Dispatcher" daemon [_thread_blocked, id=5488, stack(0x25d30000,0x25d80000)]
  0x255ba800 JavaThread "Finalizer" daemon [_thread_blocked, id=12980, stack(0x25bb0000,0x25c00000)]
  0x255a4400 JavaThread "Reference Handler" daemon [_thread_blocked, id=11228, stack(0x257e0000,0x25830000)]

Other Threads:
  0x00f5d800 VMThread [stack: 0x25550000,0x255a0000] [id=8984]
  0x255f6000 WatcherThread [stack: 0x25f70000,0x25fc0000] [id=7000]

VM state:not at safepoint (normal execution)

VM Mutex/Monitor currently owned by a thread: None

Heap:
 def new generation   total 39424K, used 20351K [0x04c00000, 0x076c0000, 0x0f6a0000)
  eden space 35072K,  48% used [0x04c00000, 0x05c78ef0, 0x06e40000)
  from space 4352K,  80% used [0x07280000, 0x075e7100, 0x076c0000)
  to   space 4352K,   0% used [0x06e40000, 0x06e40000, 0x07280000)
 tenured generation   total 87424K, used 23802K [0x0f6a0000, 0x14c00000, 0x24c00000)
   the space 87424K,  27% used [0x0f6a0000, 0x10dde8d8, 0x10ddea00, 0x14c00000)
 Metaspace       used 18280K, capacity 18678K, committed 18688K, reserved 18816K

Card table byte_map: [0x24c00000,0x24d10000] byte_map_base: 0x24bda000

Polling page: 0x00a00000

CodeCache: size=32768Kb used=2556Kb max_used=3772Kb free=30211Kb
 bounds [0x02b60000, 0x02f10000, 0x04b60000]
 total_blobs=1613 nmethods=1338 adapters=204
 compilation: enabled

Compilation events (10 events):
Event: 651.115 Thread 0x255c5800 3571  s          sun.java2d.loops.RenderCache::get (100 bytes)
Event: 651.116 Thread 0x255c5800 nmethod 3571 0x02d73508 code [0x02d73630, 0x02d73a0c]
Event: 651.252 Thread 0x255c5800 3572             sun.java2d.loops.SurfaceType::pixelFor (10 bytes)
Event: 651.252 Thread 0x255c5800 nmethod 3572 0x02d73308 code [0x02d73410, 0x02d734ac]
Event: 652.874 Thread 0x255c5800 3573             java.awt.AWTEvent::getID (5 bytes)
Event: 652.874 Thread 0x255c5800 nmethod 3573 0x02c55588 code [0x02c55680, 0x02c55700]
Event: 652.895 Thread 0x255c5800 3574             java.awt.Container::getMouseEventTarget (50 bytes)
Event: 652.895 Thread 0x255c5800 nmethod 3574 0x02c55288 code [0x02c55390, 0x02c554c8]
Event: 653.864 Thread 0x255c5800 3575             sun.java2d.SunGraphics2D::validateColor (102 bytes)
Event: 653.865 Thread 0x255c5800 nmethod 3575 0x02d1e248 code [0x02d1e360, 0x02d1e4c8]

GC Heap History (10 events):
Event: 3.155 GC heap before
{Heap before GC invocations=3 (full 1):
 def new generation   total 39424K, used 34691K [0x04c00000, 0x076c0000, 0x0f6a0000)
  eden space 35072K,  98% used [0x04c00000, 0x06de0ea8, 0x06e40000)
  from space 4352K,   0% used [0x06e40000, 0x06e40000, 0x07280000)
  to   space 4352K,   0% used [0x07280000, 0x07280000, 0x076c0000)
 tenured generation   total 87424K, used 9352K [0x0f6a0000, 0x14c00000, 0x24c00000)
   the space 87424K,  10% used [0x0f6a0000, 0x0ffc23e8, 0x0ffc2400, 0x14c00000)
 Metaspace       used 16794K, capacity 17163K, committed 17280K, reserved 17792K
Event: 3.174 GC heap after
Heap after GC invocations=4 (full 1):
 def new generation   total 39424K, used 4352K [0x04c00000, 0x076c0000, 0x0f6a0000)
  eden space 35072K,   0% used [0x04c00000, 0x04c00000, 0x06e40000)
  from space 4352K, 100% used [0x07280000, 0x076c0000, 0x076c0000)
  to   space 4352K,   0% used [0x06e40000, 0x06e40000, 0x07280000)
 tenured generation   total 87424K, used 15412K [0x0f6a0000, 0x14c00000, 0x24c00000)
   the space 87424K,  17% used [0x0f6a0000, 0x105ad3c8, 0x105ad400, 0x14c00000)
 Metaspace       used 16794K, capacity 17163K, committed 17280K, reserved 17792K
}
Event: 126.779 GC heap before
{Heap before GC invocations=4 (full 1):
 def new generation   total 39424K, used 39424K [0x04c00000, 0x076c0000, 0x0f6a0000)
  eden space 35072K, 100% used [0x04c00000, 0x06e40000, 0x06e40000)
  from space 4352K, 100% used [0x07280000, 0x076c0000, 0x076c0000)
  to   space 4352K,   0% used [0x06e40000, 0x06e40000, 0x07280000)
 tenured generation   total 87424K, used 15412K [0x0f6a0000, 0x14c00000, 0x24c00000)
   the space 87424K,  17% used [0x0f6a0000, 0x105ad3c8, 0x105ad400, 0x14c00000)
 Metaspace       used 17659K, capacity 18030K, committed 18048K, reserved 18816K
Event: 126.795 GC heap after
Heap after GC invocations=5 (full 1):
 def new generation   total 39424K, used 3407K [0x04c00000, 0x076c0000, 0x0f6a0000)
  eden space 35072K,   0% used [0x04c00000, 0x04c00000, 0x06e40000)
  from space 4352K,  78% used [0x06e40000, 0x07193d90, 0x07280000)
  to   space 4352K,   0% used [0x07280000, 0x07280000, 0x076c0000)
 tenured generation   total 87424K, used 18765K [0x0f6a0000, 0x14c00000, 0x24c00000)
   the space 87424K,  21% used [0x0f6a0000, 0x108f34e8, 0x108f3600, 0x14c00000)
 Metaspace       used 17659K, capacity 18030K, committed 18048K, reserved 18816K
}
Event: 283.255 GC heap before
{Heap before GC invocations=5 (full 1):
 def new generation   total 39424K, used 38479K [0x04c00000, 0x076c0000, 0x0f6a0000)
  eden space 35072K, 100% used [0x04c00000, 0x06e40000, 0x06e40000)
  from space 4352K,  78% used [0x06e40000, 0x07193d90, 0x07280000)
  to   space 4352K,   0% used [0x07280000, 0x07280000, 0x076c0000)
 tenured generation   total 87424K, used 18765K [0x0f6a0000, 0x14c00000, 0x24c00000)
   the space 87424K,  21% used [0x0f6a0000, 0x108f34e8, 0x108f3600, 0x14c00000)
 Metaspace       used 17849K, capacity 18252K, committed 18304K, reserved 18816K
Event: 283.265 GC heap after
Heap after GC invocations=6 (full 1):
 def new generation   total 39424K, used 725K [0x04c00000, 0x076c0000, 0x0f6a0000)
  eden space 35072K,   0% used [0x04c00000, 0x04c00000, 0x06e40000)
  from space 4352K,  16% used [0x07280000, 0x073356f8, 0x076c0000)
  to   space 4352K,   0% used [0x06e40000, 0x06e40000, 0x07280000)
 tenured generation   total 87424K, used 21754K [0x0f6a0000, 0x14c00000, 0x24c00000)
   the space 87424K,  24% used [0x0f6a0000, 0x10bde8c8, 0x10bdea00, 0x14c00000)
 Metaspace       used 17849K, capacity 18252K, committed 18304K, reserved 18816K
}
Event: 458.023 GC heap before
{Heap before GC invocations=6 (full 1):
 def new generation   total 39424K, used 35797K [0x04c00000, 0x076c0000, 0x0f6a0000)
  eden space 35072K, 100% used [0x04c00000, 0x06e40000, 0x06e40000)
  from space 4352K,  16% used [0x07280000, 0x073356f8, 0x076c0000)
  to   space 4352K,   0% used [0x06e40000, 0x06e40000, 0x07280000)
 tenured generation   total 87424K, used 21754K [0x0f6a0000, 0x14c00000, 0x24c00000)
   the space 87424K,  24% used [0x0f6a0000, 0x10bde8c8, 0x10bdea00, 0x14c00000)
 Metaspace       used 17870K, capacity 18284K, committed 18304K, reserved 18816K
Event: 458.027 GC heap after
Heap after GC invocations=7 (full 1):
 def new generation   total 39424K, used 876K [0x04c00000, 0x076c0000, 0x0f6a0000)
  eden space 35072K,   0% used [0x04c00000, 0x04c00000, 0x06e40000)
  from space 4352K,  20% used [0x06e40000, 0x06f1b358, 0x07280000)
  to   space 4352K,   0% used [0x07280000, 0x07280000, 0x076c0000)
 tenured generation   total 87424K, used 21754K [0x0f6a0000, 0x14c00000, 0x24c00000)
   the space 87424K,  24% used [0x0f6a0000, 0x10bde8c8, 0x10bdea00, 0x14c00000)
 Metaspace       used 17870K, capacity 18284K, committed 18304K, reserved 18816K
}
Event: 530.444 GC heap before
{Heap before GC invocations=7 (full 1):
 def new generation   total 39424K, used 35948K [0x04c00000, 0x076c0000, 0x0f6a0000)
  eden space 35072K, 100% used [0x04c00000, 0x06e40000, 0x06e40000)
  from space 4352K,  20% used [0x06e40000, 0x06f1b358, 0x07280000)
  to   space 4352K,   0% used [0x07280000, 0x07280000, 0x076c0000)
 tenured generation   total 87424K, used 21754K [0x0f6a0000, 0x14c00000, 0x24c00000)
   the space 87424K,  24% used [0x0f6a0000, 0x10bde8c8, 0x10bdea00, 0x14c00000)
 Metaspace       used 18280K, capacity 18678K, committed 18688K, reserved 18816K
Event: 530.450 GC heap after
Heap after GC invocations=8 (full 1):
 def new generation   total 39424K, used 3484K [0x04c00000, 0x076c0000, 0x0f6a0000)
  eden space 35072K,   0% used [0x04c00000, 0x04c00000, 0x06e40000)
  from space 4352K,  80% used [0x07280000, 0x075e7100, 0x076c0000)
  to   space 4352K,   0% used [0x06e40000, 0x06e40000, 0x07280000)
 tenured generation   total 87424K, used 23802K [0x0f6a0000, 0x14c00000, 0x24c00000)
   the space 87424K,  27% used [0x0f6a0000, 0x10dde8d8, 0x10ddea00, 0x14c00000)
 Metaspace       used 18280K, capacity 18678K, committed 18688K, reserved 18816K
}

Deoptimization events (0 events):
No events

Internal exceptions (10 events):
Event: 510.201 Thread 0x27c07c00 Exception <a 'sun/nio/fs/WindowsException'> (0x0632a0d0) thrown at [C:\re\workspace\8-2-build-windows-i586-cygwin\jdk8u91\6644\hotspot\src\share\vm\prims\jni.cpp, line 709]
Event: 510.201 Thread 0x27c07c00 Exception <a 'sun/nio/fs/WindowsException'> (0x0632a840) thrown at [C:\re\workspace\8-2-build-windows-i586-cygwin\jdk8u91\6644\hotspot\src\share\vm\prims\jni.cpp, line 709]
Event: 510.201 Thread 0x27c07c00 Exception <a 'sun/nio/fs/WindowsException'> (0x06335200) thrown at [C:\re\workspace\8-2-build-windows-i586-cygwin\jdk8u91\6644\hotspot\src\share\vm\prims\jni.cpp, line 709]
Event: 510.201 Thread 0x27c07c00 Exception <a 'sun/nio/fs/WindowsException'> (0x06335948) thrown at [C:\re\workspace\8-2-build-windows-i586-cygwin\jdk8u91\6644\hotspot\src\share\vm\prims\jni.cpp, line 709]
Event: 510.202 Thread 0x27c07c00 Exception <a 'sun/nio/fs/WindowsException'> (0x0633ff50) thrown at [C:\re\workspace\8-2-build-windows-i586-cygwin\jdk8u91\6644\hotspot\src\share\vm\prims\jni.cpp, line 709]
Event: 510.202 Thread 0x27c07c00 Exception <a 'sun/nio/fs/WindowsException'> (0x06340688) thrown at [C:\re\workspace\8-2-build-windows-i586-cygwin\jdk8u91\6644\hotspot\src\share\vm\prims\jni.cpp, line 709]
Event: 510.203 Thread 0x27c07c00 Exception <a 'sun/nio/fs/WindowsException'> (0x0634c4c8) thrown at [C:\re\workspace\8-2-build-windows-i586-cygwin\jdk8u91\6644\hotspot\src\share\vm\prims\jni.cpp, line 709]
Event: 510.203 Thread 0x27c07c00 Exception <a 'sun/nio/fs/WindowsException'> (0x0634cc10) thrown at [C:\re\workspace\8-2-build-windows-i586-cygwin\jdk8u91\6644\hotspot\src\share\vm\prims\jni.cpp, line 709]
Event: 510.203 Thread 0x27c07c00 Exception <a 'sun/nio/fs/WindowsException'> (0x06357328) thrown at [C:\re\workspace\8-2-build-windows-i586-cygwin\jdk8u91\6644\hotspot\src\share\vm\prims\jni.cpp, line 709]
Event: 510.203 Thread 0x27c07c00 Exception <a 'sun/nio/fs/WindowsException'> (0x06357a70) thrown at [C:\re\workspace\8-2-build-windows-i586-cygwin\jdk8u91\6644\hotspot\src\share\vm\prims\jni.cpp, line 709]

Events (10 events):
Event: 651.035 Thread 0x255c5800 flushing nmethod 0x02d20648
Event: 651.035 Thread 0x255c5800 flushing nmethod 0x02d20b48
Event: 652.875 Thread 0x255c5800 flushing nmethod 0x02cbc508
Event: 652.875 Thread 0x255c5800 flushing nmethod 0x02cbc6c8
Event: 652.875 Thread 0x255c5800 flushing nmethod 0x02cbc908
Event: 652.875 Thread 0x255c5800 flushing nmethod 0x02cbd188
Event: 652.875 Thread 0x255c5800 flushing nmethod 0x02cbd488
Event: 652.875 Thread 0x255c5800 flushing nmethod 0x02cbd648
Event: 652.895 Thread 0x255c5800 flushing nmethod 0x02d1fcc8
Event: 652.895 Thread 0x255c5800 flushing nmethod 0x02d201c8


Dynamic libraries:
0x01240000 - 0x01273000 	D:\energia-1.6.10E18\java\bin\javaw.exe
0x77310000 - 0x77492000 	C:\WINDOWS\SYSTEM32\ntdll.dll
0x73ee0000 - 0x73fc0000 	C:\WINDOWS\System32\KERNEL32.DLL
0x762c0000 - 0x76461000 	C:\WINDOWS\System32\KERNELBASE.dll
0x74030000 - 0x740a7000 	C:\WINDOWS\System32\ADVAPI32.dll
0x76d30000 - 0x76dee000 	C:\WINDOWS\System32\msvcrt.dll
0x75f00000 - 0x75f41000 	C:\WINDOWS\System32\sechost.dll
0x742b0000 - 0x74371000 	C:\WINDOWS\System32\RPCRT4.dll
0x73dd0000 - 0x73dee000 	C:\WINDOWS\System32\SspiCli.dll
0x73dc0000 - 0x73dca000 	C:\WINDOWS\System32\CRYPTBASE.dll
0x73e30000 - 0x73e8a000 	C:\WINDOWS\System32\bcryptPrimitives.dll
0x74150000 - 0x742af000 	C:\WINDOWS\System32\USER32.dll
0x743d0000 - 0x743e5000 	C:\WINDOWS\System32\win32u.dll
0x75d70000 - 0x75d9b000 	C:\WINDOWS\System32\GDI32.dll
0x75da0000 - 0x75efb000 	C:\WINDOWS\System32\gdi32full.dll
0x73530000 - 0x7373a000 	C:\WINDOWS\WinSxS\x86_microsoft.windows.common-controls_6595b64144ccf1df_6.0.14393.447_none_89c64d28dafea4b9\COMCTL32.dll
0x743f0000 - 0x74601000 	C:\WINDOWS\System32\combase.dll
0x75f50000 - 0x76030000 	C:\WINDOWS\System32\ucrtbase.dll
0x76bc0000 - 0x76be5000 	C:\WINDOWS\System32\IMM32.DLL
0x73970000 - 0x73a2f000 	D:\energia-1.6.10E18\java\bin\msvcr100.dll
0x58290000 - 0x5865a000 	D:\energia-1.6.10E18\java\bin\client\jvm.dll
0x75c70000 - 0x75c76000 	C:\WINDOWS\System32\PSAPI.DLL
0x73d90000 - 0x73d98000 	C:\WINDOWS\SYSTEM32\WSOCK32.dll
0x761b0000 - 0x76213000 	C:\WINDOWS\System32\WS2_32.dll
0x63ae0000 - 0x63b04000 	C:\WINDOWS\SYSTEM32\WINMM.dll
0x73db0000 - 0x73db8000 	C:\WINDOWS\SYSTEM32\VERSION.dll
0x63a70000 - 0x63a93000 	C:\WINDOWS\SYSTEM32\winmmbase.dll
0x73df0000 - 0x73e26000 	C:\WINDOWS\System32\cfgmgr32.dll
0x73930000 - 0x73961000 	D:\energia-1.6.10E18\java\bin\splashscreen.dll
0x73280000 - 0x732f5000 	C:\WINDOWS\system32\uxtheme.dll
0x73920000 - 0x7392c000 	D:\energia-1.6.10E18\java\bin\verify.dll
0x72d40000 - 0x72d61000 	D:\energia-1.6.10E18\java\bin\java.dll
0x76bf0000 - 0x76d25000 	C:\WINDOWS\System32\MSCTF.dll
0x740b0000 - 0x74144000 	C:\WINDOWS\System32\OLEAUT32.dll
0x75cf0000 - 0x75d6b000 	C:\WINDOWS\System32\msvcp_win.dll
0x56310000 - 0x56b6c000 	C:\WINDOWS\SYSTEM32\ig75icd32.dll
0x74890000 - 0x75c69000 	C:\WINDOWS\System32\SHELL32.dll
0x76480000 - 0x769ee000 	C:\WINDOWS\System32\windows.storage.dll
0x75ca0000 - 0x75ce5000 	C:\WINDOWS\System32\powrprof.dll
0x74380000 - 0x743c6000 	C:\WINDOWS\System32\shlwapi.dll
0x76470000 - 0x7647d000 	C:\WINDOWS\System32\kernel.appcore.dll
0x74610000 - 0x74698000 	C:\WINDOWS\System32\shcore.dll
0x56eb0000 - 0x56f90000 	C:\WINDOWS\SYSTEM32\OPENGL32.dll
0x6f1e0000 - 0x6faa2000 	C:\WINDOWS\SYSTEM32\igdusc32.dll
0x58ee0000 - 0x58f05000 	C:\WINDOWS\SYSTEM32\GLU32.dll
0x727a0000 - 0x7288d000 	C:\WINDOWS\SYSTEM32\DDRAW.dll
0x74880000 - 0x7488f000 	C:\WINDOWS\System32\profapi.dll
0x72790000 - 0x72797000 	C:\WINDOWS\SYSTEM32\DCIMAN32.dll
0x72890000 - 0x7289f000 	C:\WINDOWS\SYSTEM32\WTSAPI32.dll
0x72190000 - 0x721af000 	C:\WINDOWS\SYSTEM32\dwmapi.dll
0x5a3e0000 - 0x5a3f3000 	D:\energia-1.6.10E18\java\bin\zip.dll
0x72bb0000 - 0x72c2b000 	C:\Program Files (x86)\Common Files\Microsoft Shared\Ink\tiptsf.dll
0x747f0000 - 0x74874000 	C:\WINDOWS\System32\clbcatq.dll
0x72030000 - 0x72182000 	C:\Windows\System32\uiautomationcore.dll
0x73c20000 - 0x73c3a000 	C:\Windows\System32\USERENV.dll
0x71fa0000 - 0x72021000 	C:\WINDOWS\SYSTEM32\sxs.dll
0x64f70000 - 0x64fc4000 	C:\Windows\System32\OLEACC.dll
0x5a680000 - 0x5a6ec000 	C:\WINDOWS\SYSTEM32\twinapi.dll
0x650f0000 - 0x651e1000 	C:\WINDOWS\SYSTEM32\twinapi.appcore.dll
0x72ea0000 - 0x72ebb000 	C:\WINDOWS\SYSTEM32\bcrypt.dll
0x746a0000 - 0x7478a000 	C:\WINDOWS\System32\ole32.dll
0x593d0000 - 0x59515000 	D:\energia-1.6.10E18\java\bin\awt.dll
0x72d70000 - 0x72e02000 	C:\WINDOWS\SYSTEM32\apphelp.dll
0x5a3c0000 - 0x5a3d6000 	D:\energia-1.6.10E18\java\bin\net.dll
0x73b00000 - 0x73b4e000 	C:\WINDOWS\system32\mswsock.dll
0x73ad0000 - 0x73aff000 	C:\WINDOWS\SYSTEM32\IPHLPAPI.DLL
0x77200000 - 0x77207000 	C:\WINDOWS\System32\NSI.dll
0x61740000 - 0x6176c000 	D:\energia-1.6.10E18\lib\listSerialsj.dll
0x76df0000 - 0x771fb000 	C:\WINDOWS\System32\SETUPAPI.dll
0x73ab0000 - 0x73ac3000 	C:\WINDOWS\SYSTEM32\dhcpcsvc6.DLL
0x73a90000 - 0x73aa4000 	C:\WINDOWS\SYSTEM32\dhcpcsvc.DLL
0x72e70000 - 0x72e83000 	C:\WINDOWS\SYSTEM32\CRYPTSP.dll
0x72e40000 - 0x72e6f000 	C:\WINDOWS\system32\rsaenh.dll
0x73910000 - 0x7391f000 	D:\energia-1.6.10E18\java\bin\nio.dll
0x27000000 - 0x2703d000 	C:\Users\Nathan Jiang\AppData\Local\Temp\jna-33227503\jna192966443535798922.dll
0x5a380000 - 0x5a3b9000 	D:\energia-1.6.10E18\java\bin\fontmanager.dll
0x71f10000 - 0x71f8c000 	C:\WINDOWS\SYSTEM32\DNSAPI.dll
0x59390000 - 0x593c2000 	D:\energia-1.6.10E18\java\bin\t2k.dll
0x6f140000 - 0x6f148000 	C:\Windows\System32\rasadhlp.dll
0x59320000 - 0x59389000 	D:\energia-1.6.10E18\msvcp100.dll
0x59260000 - 0x5931e000 	D:\energia-1.6.10E18\msvcr100.dll
0x28110000 - 0x28142000 	D:\energia-1.6.10E18\lib\AStylej.dll
0x59230000 - 0x59254000 	D:\energia-1.6.10E18\java\bin\dcpr.dll
0x68d70000 - 0x68ede000 	C:\WINDOWS\SYSTEM32\WindowsCodecs.dll
0x655d0000 - 0x65614000 	C:\WINDOWS\system32\dataexchange.dll
0x653a0000 - 0x655cf000 	C:\WINDOWS\system32\d3d11.dll
0x65280000 - 0x65393000 	C:\WINDOWS\system32\dcomp.dll
0x651f0000 - 0x65274000 	C:\WINDOWS\system32\dxgi.dll
0x6f0f0000 - 0x6f139000 	C:\WINDOWS\System32\fwpuclnt.dll
0x73a30000 - 0x73a52000 	C:\WINDOWS\SYSTEM32\DEVOBJ.dll
0x73e90000 - 0x73ed4000 	C:\WINDOWS\System32\WINTRUST.dll
0x73fc0000 - 0x73fce000 	C:\WINDOWS\System32\MSASN1.dll
0x76030000 - 0x761ad000 	C:\WINDOWS\System32\CRYPT32.dll
0x639b0000 - 0x639fe000 	C:\WINDOWS\system32\Ninput.dll
0x64000000 - 0x6401b000 	C:\Users\Nathan Jiang\.jssc\windows\jSSC-2.8_x86.dll
0x73c40000 - 0x73d85000 	C:\WINDOWS\SYSTEM32\dbghelp.dll

VM Arguments:
jvm_args: -Dsun.java2d.d3d=false -Djna.nosys=true -DAPP_DIR=D:\energia-1.6.10E18 -Xms128M -Xmx512M 
java_command: processing.app.Base C:\Users\Nathan Jiang\Documents\1A\SE 101\team60\TivaHero\beatmapGeneration.ino
java_class_path (initial): D:\energia-1.6.10E18\lib\apple.jar;D:\energia-1.6.10E18\lib\arduino-core.jar;D:\energia-1.6.10E18\lib\batik-1.8.jar;D:\energia-1.6.10E18\lib\batik-anim-1.8.jar;D:\energia-1.6.10E18\lib\batik-awt-util-1.8.jar;D:\energia-1.6.10E18\lib\batik-bridge-1.8.jar;D:\energia-1.6.10E18\lib\batik-codec-1.8.jar;D:\energia-1.6.10E18\lib\batik-css-1.8.jar;D:\energia-1.6.10E18\lib\batik-dom-1.8.jar;D:\energia-1.6.10E18\lib\batik-ext-1.8.jar;D:\energia-1.6.10E18\lib\batik-gvt-1.8.jar;D:\energia-1.6.10E18\lib\batik-parser-1.8.jar;D:\energia-1.6.10E18\lib\batik-rasterizer-1.8.jar;D:\energia-1.6.10E18\lib\batik-script-1.8.jar;D:\energia-1.6.10E18\lib\batik-squiggle-1.8.jar;D:\energia-1.6.10E18\lib\batik-svg-dom-1.8.jar;D:\energia-1.6.10E18\lib\batik-svgpp-1.8.jar;D:\energia-1.6.10E18\lib\batik-transcoder-1.8.jar;D:\energia-1.6.10E18\lib\batik-util-1.8.jar;D:\energia-1.6.10E18\lib\batik-xml-1.8.jar;D:\energia-1.6.10E18\lib\bcpg-jdk15on-152.jar;D:\energia-1.6.10E18\lib\bcprov-jdk15on-152.jar;D:\energia-1.6.10E18\lib\commons-codec-1.7.jar;D:\energia-1.6.10E18\lib\commons-compress-1.8.jar;D:\energia-1.6.10E18\lib\commons-exec-1.1.jar;D:\energia-1.6.10E18\lib\commons-httpclient-3.1.jar;D:\energia-1.6.10E18\lib\commons-lang3-3.3.2.jar;D:\energia-1.6.10E18\lib\commons-logging-1.0.4.jar;D:\energia-1.6.10E18\lib\commons-net-3.3.jar;D:\energia-1.6.10E18\lib\jackson-annotations-2.6.3.jar;D:\energia-1.6.10E18\lib\jackson-core-2.6.3.jar;D:\energia-1.6.10E18\lib\jackson-databind-2.6.3.jar;D:\energia-1.6.10E18\lib\jackson-module-mrbean-2.6.3.jar;D:\energia-1.6.10E18\lib\java-semver-0.8.0.jar;D:\energia-1.6.10E18\lib\jmdns-3.4.1.jar;D:\energia-1.6.10E18\lib\jna-4.1.0.jar;D:\energia-1.6.10E18\lib\jna-platform-4.1.0.jar;D:\energia-1.6.10E18\lib\jsch-0.1.50.jar;D:\energia-1.6.10E18\lib\jssc-2.8.0.jar;D:\energia-1.6.10E18\lib\pde.jar;D:\energia-1.6.10E18\lib\rsyntaxtextarea-2.5.8.1+arduino.jar;D:\energia-1.6.10E18\lib\xml-apis-1.3.04.jar;D:\energia-1.6.10E18\lib\xml-apis-ext-1.
Launcher Type: SUN_STANDARD

Environment Variables:
JAVA_HOME=C:\Java\jdk1.8.0_101
PATH=C:\ProgramData\Oracle\Java\javapath;C:\Java\jdk1.8.0_101;C:\Python27\Lib\site-packages\PyQt4;C:\Python27;c:\Program Files (x86)\Intel\iCLS Client\;c:\Program Files\Intel\iCLS Client\;C:\WINDOWS\system32;C:\WINDOWS;C:\WINDOWS\System32\Wbem;C:\WINDOWS\System32\WindowsPowerShell\v1.0\;C:\Program Files\Intel\Intel(R) Management Engine Components\DAL;C:\Program Files\Intel\Intel(R) Management Engine Components\IPT;C:\Program Files (x86)\Intel\Intel(R) Management Engine Components\DAL;C:\Program Files (x86)\Intel\Intel(R) Management Engine Components\IPT;C:\Program Files\Intel\WiFi\bin\;C:\Program Files\Common Files\Intel\WirelessCommon\;D:\emacs-24.5\bin;C:\Program Files\Microsoft SQL Server\130\Tools\Binn\;C:\Program Files\nodejs\;C:\MinGW\bin;C:\Ruby23-x64\bin;C:\Program Files\Git\cmd;C:\Program Files\TortoiseSVN\bin;C:\Program Files (x86)\Skype\Phone\;C:\Python27;c:\Program Files (x86)\Intel\iCLS Client\;c:\Program Files\Intel\iCLS Client\;C:\WINDOWS\system32;C:\WINDOWS;C:\WINDOWS\System32\Wbem;C:\WINDOWS\System32\WindowsPowerShell\v1.0\;C:\Program Files\Intel\Intel(R) Management Engine Components\DAL;C:\Program Files\Intel\Intel(R) Management Engine Components\IPT;C:\Program Files (x86)\Intel\Intel(R) Management Engine Components\DAL;C:\Program Files (x86)\Intel\Intel(R) Management Engine Components\IPT;C:\Program Files (x86)\Skype\Phone\;C:\Program Files\Intel\WiFi\bin\;C:\Program Files\Common Files\Intel\WirelessCommon\;D:\emacs-24.5\bin;C:\Python27\Scripts;C:\Users\Nathan Jiang\AppData\Roaming\npm;C:\Users\Nathan Jiang\AppData\Local\Microsoft\WindowsApps;;D:\energia-1.6.10E18\java\bin
USERNAME=Nathan Jiang
OS=Windows_NT
PROCESSOR_IDENTIFIER=Intel64 Family 6 Model 69 Stepping 1, GenuineIntel



---------------  S Y S T E M  ---------------

OS: Windows 10.0 , 64 bit Build 14393 (10.0.14393.0)

CPU:total 4 (2 cores per cpu, 2 threads per core) family 6 model 69 stepping 1, cmov, cx8, fxsr, mmx, sse, sse2, sse3, ssse3, sse4.1, sse4.2, popcnt, avx, avx2, aes, clmul, erms, lzcnt, ht, tsc, tscinvbit, bmi1, bmi2

Memory: 4k page, physical 8266712k(3997320k free), swap 16655320k(8649256k free)

vm_info: Java HotSpot(TM) Client VM (25.91-b14) for windows-x86 JRE (1.8.0_91-b14), built on Apr  1 2016 01:01:28 by "java_re" with MS VC++ 10.0 (VS2010)

time: Tue Nov 29 21:26:11 2016
elapsed time: 654 seconds (0d 0h 10m 54s)

